<?xml version="1.0" encoding="UTF-8"?>
<!-- Generated by org.testng.reporters.JUnitXMLReporter -->
<testsuite ignored="0" hostname="Shakir" failures="0" tests="4" name="Default test" time="33.183" errors="0" timestamp="2021-09-14T03:04:20 EDT">
  <testcase classname="hw11Q2selenium.Moderna" name="search" time="3.679"/>
  <testcase classname="hw11Q2selenium.Moderna" name="searchbarclick" time="14.217"/>
  <testcase classname="hw11Q2selenium.Moderna" name="actionPipeline" time="8.855"/>
  <testcase classname="hw11Q2selenium.Moderna" name="getTextInvestors" time="0.072"/>
</testsuite> <!-- Default test -->
