<?xml version="1.0" encoding="UTF-8"?>
<!-- Generated by org.testng.reporters.JUnitXMLReporter -->
<testsuite ignored="0" hostname="Shakir" failures="0" tests="6" name="Default test" time="47.652" errors="0" timestamp="2021-09-14T18:18:50 EDT">
  <testcase classname="hw11Q2selenium.Moderna" name="search" time="3.166"/>
  <testcase classname="hw11Q2selenium.Moderna" name="searchbarclick" time="13.516"/>
  <testcase classname="hw11Q2selenium.Moderna" name="actionPipeline" time="8.604"/>
  <testcase classname="hw11Q2selenium.Moderna" name="getTextInvestors" time="0.066"/>
  <testcase classname="hw11Q2selenium.Moderna" name="navigation" time="12.917"/>
  <testcase classname="hw11Q2selenium.Moderna" name="dimensionSet" time="5.07"/>
</testsuite> <!-- Default test -->
