<?xml version="1.0" encoding="UTF-8"?>
<testng-results ignored="0" total="4" passed="4" failed="0" skipped="0">
  <reporter-output>
  </reporter-output>
  <suite started-at="2021-09-14T03:03:47 EDT" name="Default suite" finished-at="2021-09-14T03:04:20 EDT" duration-ms="33183">
    <groups>
    </groups>
    <test started-at="2021-09-14T03:03:47 EDT" name="Default test" finished-at="2021-09-14T03:04:20 EDT" duration-ms="33183">
      <class name="hw11Q2selenium.Moderna">
        <test-method is-config="true" signature="setup()[pri:0, instance:hw11Q2selenium.Moderna@2f7c2f4f]" started-at="2021-09-14T03:03:47 EDT" name="setup" finished-at="2021-09-14T03:03:53 EDT" duration-ms="5717" status="PASS">
          <reporter-output>
          </reporter-output>
        </test-method> <!-- setup -->
        <test-method signature="search()[pri:1, instance:hw11Q2selenium.Moderna@2f7c2f4f]" started-at="2021-09-14T03:03:53 EDT" name="search" finished-at="2021-09-14T03:03:57 EDT" duration-ms="3679" status="PASS">
          <reporter-output>
          </reporter-output>
        </test-method> <!-- search -->
        <test-method signature="searchbarclick()[pri:2, instance:hw11Q2selenium.Moderna@2f7c2f4f]" started-at="2021-09-14T03:03:57 EDT" name="searchbarclick" finished-at="2021-09-14T03:04:11 EDT" duration-ms="14217" status="PASS">
          <reporter-output>
          </reporter-output>
        </test-method> <!-- searchbarclick -->
        <test-method signature="actionPipeline()[pri:3, instance:hw11Q2selenium.Moderna@2f7c2f4f]" started-at="2021-09-14T03:04:11 EDT" name="actionPipeline" finished-at="2021-09-14T03:04:20 EDT" duration-ms="8855" status="PASS">
          <reporter-output>
          </reporter-output>
        </test-method> <!-- actionPipeline -->
        <test-method signature="getTextInvestors()[pri:4, instance:hw11Q2selenium.Moderna@2f7c2f4f]" started-at="2021-09-14T03:04:20 EDT" name="getTextInvestors" finished-at="2021-09-14T03:04:20 EDT" duration-ms="72" status="PASS">
          <reporter-output>
          </reporter-output>
        </test-method> <!-- getTextInvestors -->
        <test-method is-config="true" signature="tearup()[pri:0, instance:hw11Q2selenium.Moderna@2f7c2f4f]" started-at="2021-09-14T03:04:20 EDT" name="tearup" finished-at="2021-09-14T03:04:20 EDT" duration-ms="484" status="PASS">
          <reporter-output>
          </reporter-output>
        </test-method> <!-- tearup -->
      </class> <!-- hw11Q2selenium.Moderna -->
    </test> <!-- Default test -->
  </suite> <!-- Default suite -->
</testng-results>
